<?xml version="1.0" encoding="UTF-8"?>
<testng-results skipped="0" failed="0" ignored="0" total="1" passed="1">
  <reporter-output>
  </reporter-output>
  <suite name="Default suite" duration-ms="23654" started-at="2020-12-23T10:27:58Z" finished-at="2020-12-23T10:28:22Z">
    <groups>
    </groups>
    <test name="Default test" duration-ms="23654" started-at="2020-12-23T10:27:58Z" finished-at="2020-12-23T10:28:22Z">
      <class name="Sauce_Labs_Integration_Example">
        <test-method status="PASS" signature="SauceLab_Example()[pri:0, instance:Sauce_Labs_Integration_Example@4dfa3a9d]" name="SauceLab_Example" duration-ms="23618" started-at="2020-12-23T15:57:58Z" finished-at="2020-12-23T15:58:22Z">
          <reporter-output>
          </reporter-output>
        </test-method> <!-- SauceLab_Example -->
      </class> <!-- Sauce_Labs_Integration_Example -->
    </test> <!-- Default test -->
  </suite> <!-- Default suite -->
</testng-results>
